{
  "0 debug pnpm:scope": {
    "selected": 1
  },
  "1 error pnpm": {
    "errno": 1,
    "code": "ELIFECYCLE",
    "pkgid": "node-bff@",
    "stage": "proxy",
    "script": "lerna",
    "pkgname": "node-bff",
    "err": {
      "name": "pnpm",
      "message": "node-bff@ proxy: `lerna`\nExit status 1",
      "code": "ELIFECYCLE",
      "stack": "pnpm: node-bff@ proxy: `lerna`\nExit status 1\n    at EventEmitter.<anonymous> (/Users/maqun/pnpm-global/5/node_modules/.pnpm/pnpm@6.24.3/node_modules/pnpm/dist/pnpm.cjs:103858:20)\n    at EventEmitter.emit (events.js:315:20)\n    at ChildProcess.<anonymous> (/Users/maqun/pnpm-global/5/node_modules/.pnpm/pnpm@6.24.3/node_modules/pnpm/dist/pnpm.cjs:91787:18)\n    at ChildProcess.emit (events.js:315:20)\n    at maybeClose (internal/child_process.js:1048:16)\n    at Process.ChildProcess._handle.onexit (internal/child_process.js:288:5)"
    }
  },
  "2 warn pnpm:global": " Local package.json exists, but node_modules missing, did you mean to install?"
}